[COT 2022-3M-11 18:33:12] 76561198280627555: Set GodMode To true [guid=8LvGhHFymDZ8tPe6xC8rQBSz7ZEMOTsZXNPEuvP5LwM=]
[COT 2022-3M-11 18:33:12] 76561198280627555: Set UnlimitedAmmo To true [guid=8LvGhHFymDZ8tPe6xC8rQBSz7ZEMOTsZXNPEuvP5LwM=]
[COT 2022-3M-11 18:34:28] 76561198280627555: Healed [guid=8LvGhHFymDZ8tPe6xC8rQBSz7ZEMOTsZXNPEuvP5LwM=]
[COT 2022-3M-11 18:36:34] 76561198280627555: Set GodMode To false [guid=8LvGhHFymDZ8tPe6xC8rQBSz7ZEMOTsZXNPEuvP5LwM=]
[COT 2022-3M-11 18:36:34] 76561198280627555: Set UnlimitedAmmo To false [guid=8LvGhHFymDZ8tPe6xC8rQBSz7ZEMOTsZXNPEuvP5LwM=]
[COT 2022-3M-11 18:39:9s] 76561198280627555: Set UnlimitedAmmo To true [guid=8LvGhHFymDZ8tPe6xC8rQBSz7ZEMOTsZXNPEuvP5LwM=]
[COT 2022-3M-11 18:39:11] 76561198280627555: Healed [guid=8LvGhHFymDZ8tPe6xC8rQBSz7ZEMOTsZXNPEuvP5LwM=]
[COT 2022-3M-11 18:42:31] 76561198280627555: Teleported to position <11961.144531, 59.064880, 8919.061523>
[COT 2022-3M-11 19:6m:56] 76561198280627555: Healed [guid=8LvGhHFymDZ8tPe6xC8rQBSz7ZEMOTsZXNPEuvP5LwM=]
[COT 2022-3M-11 19:49:27] 76561198280627555: Spawned Entity 20rd CR-61 Mag (Mag_CZ61_20Rnd<a8fdd320>, 1, 100) at <12057.429688, 57.917755, 9064.533203>
[COT 2022-3M-11 20:28:6s] 76561198280627555: Set UnlimitedAmmo To false [guid=8LvGhHFymDZ8tPe6xC8rQBSz7ZEMOTsZXNPEuvP5LwM=]
[COT 2022-3M-11 20:29:10] 76561198280627555: Spawned Entity Universal Flashlight (UniversalLight<bfdd13a0>, -1, 70) at <10438.956055, 179.985291, 9148.988281>
[COT 2022-3M-11 20:30:8s] 76561198280627555: Spawned Entity 9V Battery (Battery9V<efc1c700>, 50, 20) at <10438.956055, 179.985291, 9148.988281>
[COT 2022-3M-11 20:30:8s] 76561198280627555: Spawned Entity 9V Battery (Battery9V<efc1f1d0>, 50, 20) at <10438.956055, 179.985291, 9148.988281>
[COT 2022-3M-11 20:30:8s] 76561198280627555: Spawned Entity 9V Battery (Battery9V<efc21410>, 50, 20) at <10438.956055, 179.985291, 9148.988281>
[COT 2022-3M-11 20:30:9s] 76561198280627555: Spawned Entity 9V Battery (Battery9V<efc1be70>, 50, 20) at <10438.956055, 179.985291, 9148.988281>
[COT 2022-3M-11 20:30:9s] 76561198280627555: Spawned Entity 9V Battery (Battery9V<efc1a4c0>, 50, 20) at <10438.956055, 179.985291, 9148.988281>
[COT 2022-3M-11 20:30:9s] 76561198280627555: Spawned Entity 9V Battery (Battery9V<efc25890>, 50, 20) at <10438.956055, 179.985291, 9148.988281>
[COT 2022-3M-11 20:43:39] 76561198280627555: Spawned Entity Glow Stick (Chemlight_White<ceacde50>, 100, 20) at <10468.011719, 178.564880, 9154.151367>
[COT 2022-3M-11 20:43:39] 76561198280627555: Spawned Entity Glow Stick (Chemlight_White<ceacf800>, 100, 20) at <10468.011719, 178.564880, 9154.151367>
[COT 2022-3M-11 22:10:26] 76561198280627555: Spawned Entity Blood Test Kit (BloodTestKit<f4893c50>, -1, 15) at <7003.186523, 361.387024, 8670.282227>
[COT 2022-3M-11 22:16:20] 76561198280627555: Spawned Entity Firewood (Firewood<c9574b40>, 1, 500) at <6637.651855, 378.083038, 8582.769531>
[COT 2022-3M-11 22:16:20] 76561198280627555: Spawned Entity Firewood (Firewood<c95807a0>, 1, 500) at <6637.651855, 378.083038, 8582.769531>
[COT 2022-3M-11 22:16:34] 76561198280627555: Spawned Entity Long Stick (LongWoodenStick<e84530b0>, 1, 200) at <6637.651855, 378.083038, 8582.769531>
[COT 2022-3M-11 22:16:34] 76561198280627555: Spawned Entity Long Stick (LongWoodenStick<e84541d0>, 1, 200) at <6637.651855, 378.083038, 8582.769531>
[COT 2022-3M-11 22:16:34] 76561198280627555: Spawned Entity Long Stick (LongWoodenStick<e845dbf0>, 1, 200) at <6637.651855, 378.083038, 8582.769531>
[COT 2022-3M-11 22:16:35] 76561198280627555: Spawned Entity Long Stick (LongWoodenStick<e845d360>, 1, 200) at <6637.651855, 378.083038, 8582.769531>
[COT 2022-3M-11 22:16:35] 76561198280627555: Spawned Entity Long Stick (LongWoodenStick<e8468730>, 1, 200) at <6637.651855, 378.083038, 8582.769531>
[COT 2022-3M-11 22:16:35] 76561198280627555: Spawned Entity Long Stick (LongWoodenStick<e846a970>, 1, 200) at <6637.651855, 378.083038, 8582.769531>
[COT 2022-3M-11 22:18:25] 76561198280627555: Spawned Entity Short Stick (WoodenStick<d07c4560>, 1, 250) at <6648.316406, 376.281952, 8575.805664>
[COT 2022-3M-11 22:18:25] 76561198280627555: Spawned Entity Short Stick (WoodenStick<d07ca390>, 1, 250) at <6648.316406, 376.281952, 8575.805664>
[COT 2022-3M-11 22:18:25] 76561198280627555: Spawned Entity Short Stick (WoodenStick<d07cb4b0>, 1, 250) at <6648.316406, 376.281952, 8575.805664>
[COT 2022-3M-11 22:18:25] 76561198280627555: Spawned Entity Short Stick (WoodenStick<d07c4df0>, 1, 250) at <6648.316406, 376.281952, 8575.805664>
[COT 2022-3M-11 22:21:2s] 76561198280627555: Spawned Entity Short Stick (WoodenStick<dda67ea0>, 1, 250) at <6639.713379, 377.726501, 8582.169922>
[COT 2022-3M-11 22:21:2s] 76561198280627555: Spawned Entity Short Stick (WoodenStick<dda718c0>, 1, 250) at <6639.713379, 377.726501, 8582.169922>
[COT 2022-3M-11 22:21:2s] 76561198280627555: Spawned Entity Short Stick (WoodenStick<dda6f680>, 1, 250) at <6639.713379, 377.726501, 8582.169922>
[COT 2022-3M-11 22:21:3s] 76561198280627555: Spawned Entity Short Stick (WoodenStick<dda6dcd0>, 1, 250) at <6639.713379, 377.726501, 8582.169922>
[COT 2022-3M-11 22:21:3s] 76561198280627555: Spawned Entity Short Stick (WoodenStick<dda6ff10>, 1, 250) at <6639.713379, 377.726501, 8582.169922>
[COT 2022-3M-11 22:21:3s] 76561198280627555: Spawned Entity Short Stick (WoodenStick<dda707a0>, 1, 250) at <6639.713379, 377.726501, 8582.169922>
[COT 2022-3M-11 22:21:3s] 76561198280627555: Spawned Entity Short Stick (WoodenStick<dda71030>, 1, 250) at <6639.713379, 377.726501, 8582.169922>
[COT 2022-3M-11 22:21:4s] 76561198280627555: Spawned Entity Short Stick (WoodenStick<dda6a970>, 1, 250) at <6639.713379, 377.726501, 8582.169922>
[COT 2022-3M-11 22:21:4s] 76561198280627555: Spawned Entity Short Stick (WoodenStick<dda729e0>, 1, 250) at <6639.713379, 377.726501, 8582.169922>
[COT 2022-3M-11 22:21:4s] 76561198280627555: Spawned Entity Short Stick (WoodenStick<dda6ba90>, 1, 250) at <6639.713379, 377.726501, 8582.169922>
[COT 2022-3M-11 22:21:32] 76561198280627555: Spawned Entity Firewood (Firewood<eaa5d0a0>, 1, 500) at <6639.713379, 377.726501, 8582.169922>
[COT 2022-3M-11 22:21:32] 76561198280627555: Spawned Entity Firewood (Firewood<eaa64880>, 1, 500) at <6639.713379, 377.726501, 8582.169922>
[COT 2022-3M-11 22:21:34] 76561198280627555: Spawned Entity Firewood (Firewood<eaa659a0>, 1, 500) at <6639.713379, 377.726501, 8582.169922>
[COT 2022-3M-11 22:21:34] 76561198280627555: Spawned Entity Firewood (Firewood<eaa67be0>, 1, 500) at <6639.713379, 377.726501, 8582.169922>
[COT 2022-3M-11 22:21:34] 76561198280627555: Spawned Entity Firewood (Firewood<eaa6e2a0>, 1, 500) at <6639.713379, 377.726501, 8582.169922>
[COT 2022-3M-11 22:21:34] 76561198280627555: Spawned Entity Firewood (Firewood<eaa68470>, 1, 500) at <6639.713379, 377.726501, 8582.169922>
[COT 2022-3M-11 22:22:32] 76561198280627555: Spawned Entity Rag (Rag<d97ca070>, 6, 50) at <6639.713379, 377.726501, 8582.169922>
[COT 2022-3M-11 22:22:33] 76561198280627555: Spawned Entity Rag (Rag<d97cdc60>, 6, 50) at <6639.713379, 377.726501, 8582.169922>
[COT 2022-3M-11 22:22:33] 76561198280627555: Spawned Entity Rag (Rag<d97d0730>, 6, 50) at <6639.713379, 377.726501, 8582.169922>
[COT 2022-3M-11 22:22:33] 76561198280627555: Spawned Entity Rag (Rag<d97ca900>, 6, 50) at <6639.713379, 377.726501, 8582.169922>
[COT 2022-3M-11 22:42:47] 76561198280627555: Spawned Entity Fat (Lard<e6462320>, 200, 100) at <5199.743164, 346.291595, 8569.250000>
[COT 2022-3M-11 22:42:47] 76561198280627555: Spawned Entity Fat (Lard<e6469b00>, 200, 100) at <5199.743164, 346.291595, 8569.250000>
[COT 2022-3M-11 22:43:24] 76561198280627555: Spawned Entity Chicken Steak (ChickenBreastMeat<e65f9aa0>, 125, 50) at <5199.743164, 346.291595, 8569.250000>
[COT 2022-3M-11 22:46:0s] 76561198280627555: Spawned Entity Chicken Steak (ChickenBreastMeat<db019030>, 125, 50) at <5198.705566, 346.291626, 8569.321289>
[COT 2022-3M-11 22:46:0s] 76561198280627555: Spawned Entity Chicken Steak (ChickenBreastMeat<db016df0>, 125, 50) at <5198.705566, 346.291626, 8569.321289>
[COT 2022-3M-11 22:46:1s] 76561198280627555: Spawned Entity Chicken Steak (ChickenBreastMeat<db01bb00>, 125, 50) at <5198.705566, 346.291626, 8569.321289>
[COT 2022-3M-11 22:46:1s] 76561198280627555: Spawned Entity Chicken Steak (ChickenBreastMeat<db017680>, 125, 50) at <5198.705566, 346.291626, 8569.321289>
[COT 2022-3M-11 23:15:30] 76561198280627555: Spawned Entity Universal Flashlight (UniversalLight<cd49b230>, -1, 70) at <4601.120117, 339.558594, 9564.111328>
[COT 2022-3M-11 23:15:46] 76561198280627555: Spawned Entity 9V Battery (Battery9V<dcab8ad0>, 50, 20) at <4601.120117, 339.558594, 9564.111328>
[COT 2022-3M-11 23:35:19] 76561198280627555: Spawned Entity 20rd LAR Mag (Mag_FAL_20Rnd<da416000>, 1, 100) at <4637.193848, 342.891052, 9621.506836>
[COT 2022-3M-11 23:35:19] 76561198280627555: Spawned Entity 20rd LAR Mag (Mag_FAL_20Rnd<da417120>, 1, 100) at <4637.193848, 342.891052, 9621.506836>
[COT 2022-3M-11 23:35:20] 76561198280627555: Spawned Entity 20rd LAR Mag (Mag_FAL_20Rnd<cf4d3910>, 1, 100) at <4637.193848, 342.891052, 9621.506836>
[COT 2022-3M-11 23:35:20] 76561198280627555: Spawned Entity 20rd LAR Mag (Mag_FAL_20Rnd<cf4d8eb0>, 1, 100) at <4637.193848, 342.891052, 9621.506836>
[COT 2022-3M-11 23:35:20] 76561198280627555: Spawned Entity 20rd LAR Mag (Mag_FAL_20Rnd<cf4d41a0>, 1, 100) at <4637.193848, 342.891052, 9621.506836>
[COT 2022-3M-11 23:35:20] 76561198280627555: Spawned Entity 20rd LAR Mag (Mag_FAL_20Rnd<cf4d52c0>, 1, 100) at <4637.193848, 342.891052, 9621.506836>
[COT 2022-3M-11 23:39:55] 76561198280627555: Spawned Entity MK17 Magazine (A2mk17_mag<d76b6850>, 1, 100) at <4601.241699, 342.892548, 9621.063477>
[COT 2022-3M-11 23:39:55] 76561198280627555: Spawned Entity MK17 Magazine (A2mk17_mag<d76c1390>, 1, 100) at <4601.241699, 342.892548, 9621.063477>
[COT 2022-3M-11 23:39:55] 76561198280627555: Spawned Entity MK17 Magazine (A2mk17_mag<d76c4f80>, 1, 100) at <4601.241699, 342.892548, 9621.063477>
[COT 2022-3M-11 23:39:55] 76561198280627555: Spawned Entity MK17 Magazine (A2mk17_mag<d76be030>, 1, 100) at <4601.241699, 342.892548, 9621.063477>
[COT 2022-3M-11 23:39:56] 76561198280627555: Spawned Entity MK17 Magazine (A2mk17_mag<d76c0b00>, 1, 100) at <4601.241699, 342.892548, 9621.063477>
[COT 2022-3M-11 23:39:56] 76561198280627555: Spawned Entity MK17 Magazine (A2mk17_mag<d76be8c0>, 1, 100) at <4601.241699, 342.892548, 9621.063477>
[COT 2022-3M-11 23:39:56] 76561198280627555: Spawned Entity MK17 Magazine (A2mk17_mag<e41e1b40>, 1, 100) at <4601.241699, 342.892548, 9621.063477>
[COT 2022-3M-11 23:39:56] 76561198280627555: Spawned Entity MK17 Magazine (A2mk17_mag<e41e34f0>, 1, 100) at <4601.241699, 342.892548, 9621.063477>
[COT 2022-3M-11 23:39:57] 76561198280627555: Spawned Entity MK17 Magazine (A2mk17_mag<e41df070>, 1, 100) at <4601.241699, 342.892548, 9621.063477>
[COT 2022-3M-11 23:39:57] 76561198280627555: Spawned Entity MK17 Magazine (A2mk17_mag<e41ddf50>, 1, 100) at <4601.241699, 342.892548, 9621.063477>
[COT 2022-3M-11 23:45:15] 76561198280627555: Teleported to position <4621.534180, 339.000000, 9637.891602>
[COT 2022-3M-11 23:54:47] 76561198280627555: Teleported to position <10448.792969, 6.000000, 2287.089844>
[COT 2022-3M-12 0h:2m:18] 76561198280627555: Spawned Entity ATOG 4x32 Scope (ACOGOptic<ec8cb7d0>, -1, 50) at <10449.541992, 10.153981, 2269.643066>
[COT 2022-3M-12 0h:2m:36] 76561198280627555: Spawned Entity Universal Flashlight (UniversalLight<f5ae5bf0>, -1, 70) at <10449.541992, 10.153981, 2269.643066>
[COT 2022-3M-12 0h:2m:36] 76561198280627555: Spawned Entity Universal Flashlight (UniversalLight<f5ae75a0>, -1, 70) at <10449.541992, 10.153981, 2269.643066>
[COT 2022-3M-12 0h:2m:58] 76561198280627555: Spawned Entity Universal Flashlight (UniversalLight<f5aef610>, -1, 70) at <10449.541992, 10.153981, 2269.643066>
[COT 2022-3M-12 0h:3m:25] 76561198280627555: Spawned Entity RMR Sights (tall mount) (AD_RMR_TM<cd9a2a10>, -1, 100) at <10449.541992, 10.153981, 2269.643066>
[COT 2022-3M-12 0h:3m:54] 76561198280627555: Spawned Entity 25rd USG-45 Mag (Mag_UMP_25Rnd<cd9a43c0>, 1, 100) at <10449.541992, 10.153980, 2269.643066>
[COT 2022-3M-12 0h:9m:1s] 76561198280627555: Spawned Entity Blood Test Kit (BloodTestKit<d5c0a8c0>, -1, 15) at <10456.636719, 6.396369, 2270.652344>
[COT 2022-3M-12 0h:14:25] 76561198280627555: Spawned Entity Pistol Flashlight (TLRLight<e3744960>, -1, 70) at <10456.636719, 6.353986, 2270.652344>
[COT 2022-3M-12 0h:14:31] 76561198280627555: Spawned Entity Pistol Suppressor (PistolSuppressor<e3741e90>, -1, 5) at <10456.636719, 6.353986, 2270.652344>
[COT 2022-3M-12 0h:14:31] 76561198280627555: Spawned Entity Pistol Suppressor (PistolSuppressor<e37404e0>, -1, 5) at <10456.636719, 6.353986, 2270.652344>
[COT 2022-3M-12 0h:14:36] 76561198280627555: Spawned Entity RMR Sights (AD_RMR<e3747cc0>, -1, 100) at <10456.636719, 6.353986, 2270.652344>
[COT 2022-3M-12 18:15:59] 76561198280627555: Teleported to position <7575.169434, 5.685676, 3026.417480>
[COT 2022-3M-12 18:52:56] 76561198280627555: Set UnlimitedAmmo To true [guid=8LvGhHFymDZ8tPe6xC8rQBSz7ZEMOTsZXNPEuvP5LwM=]
